# JRE version: Java(TM) SE Runtime Environment (8.0_91-b15) (build 1.8.0_91-b15)
# Java VM: Java HotSpot(TM) 64-Bit Server VM (25.91-b15 mixed mode windows-amd64 compressed oops)
Heap:
 PSYoungGen      total 135168K, used 21842K [0x00000000f5e00000, 0x00000000ff200000, 0x0000000100000000)
  eden space 122880K, 17% used [0x00000000f5e00000,0x00000000f7354818,0x00000000fd600000)
  from space 12288K, 0% used [0x00000000fe600000,0x00000000fe600000,0x00000000ff200000)
  to   space 14336K, 0% used [0x00000000fd600000,0x00000000fd600000,0x00000000fe400000)
 ParOldGen       total 56832K, used 28534K [0x00000000e1a00000, 0x00000000e5180000, 0x00000000f5e00000)
  object space 56832K, 50% used [0x00000000e1a00000,0x00000000e35ddad8,0x00000000e5180000)
 Metaspace       used 57522K, capacity 59872K, committed 60200K, reserved 1101824K
  class space    used 7722K, capacity 8151K, committed 8232K, reserved 1048576K
GC Heap History (10 events):
Event: 56.229 GC heap before
{Heap before GC invocations=17 (full 2):
 PSYoungGen      total 86016K, used 5856K [0x00000000f5e00000, 0x00000000fd500000, 0x0000000100000000)
  eden space 77824K, 0% used [0x00000000f5e00000,0x00000000f5e00000,0x00000000faa00000)
  from space 8192K, 71% used [0x00000000faa00000,0x00000000fafb8370,0x00000000fb200000)
  to   space 8704K, 0% used [0x00000000fcc80000,0x00000000fcc80000,0x00000000fd500000)
 ParOldGen       total 22016K, used 18009K [0x00000000e1a00000, 0x00000000e2f80000, 0x00000000f5e00000)
  object space 22016K, 81% used [0x00000000e1a00000,0x00000000e2b966b8,0x00000000e2f80000)
 Metaspace       used 33835K, capacity 35362K, committed 35496K, reserved 1079296K
  class space    used 4366K, capacity 4678K, committed 4776K, reserved 1048576K
Event: 56.379 GC heap after
Heap after GC invocations=17 (full 2):
 PSYoungGen      total 86016K, used 0K [0x00000000f5e00000, 0x00000000fd500000, 0x0000000100000000)
  eden space 77824K, 0% used [0x00000000f5e00000,0x00000000f5e00000,0x00000000faa00000)
  from space 8192K, 0% used [0x00000000faa00000,0x00000000faa00000,0x00000000fb200000)
  to   space 8704K, 0% used [0x00000000fcc80000,0x00000000fcc80000,0x00000000fd500000)
 ParOldGen       total 38912K, used 18432K [0x00000000e1a00000, 0x00000000e4000000, 0x00000000f5e00000)
  object space 38912K, 47% used [0x00000000e1a00000,0x00000000e2c00120,0x00000000e4000000)
 Metaspace       used 33835K, capacity 35362K, committed 35496K, reserved 1079296K
  class space    used 4366K, capacity 4678K, committed 4776K, reserved 1048576K
}
Event: 75.486 GC heap before
{Heap before GC invocations=18 (full 2):
 PSYoungGen      total 86016K, used 77824K [0x00000000f5e00000, 0x00000000fd500000, 0x0000000100000000)
  eden space 77824K, 100% used [0x00000000f5e00000,0x00000000faa00000,0x00000000faa00000)
  from space 8192K, 0% used [0x00000000faa00000,0x00000000faa00000,0x00000000fb200000)
  to   space 8704K, 0% used [0x00000000fcc80000,0x00000000fcc80000,0x00000000fd500000)
 ParOldGen       total 38912K, used 18432K [0x00000000e1a00000, 0x00000000e4000000, 0x00000000f5e00000)
  object space 38912K, 47% used [0x00000000e1a00000,0x00000000e2c00120,0x00000000e4000000)
 Metaspace       used 42753K, capacity 44490K, committed 44840K, reserved 1087488K
  class space    used 5509K, capacity 5852K, committed 5928K, reserved 1048576K
Event: 75.514 GC heap after
Heap after GC invocations=18 (full 2):
 PSYoungGen      total 111104K, used 8699K [0x00000000f5e00000, 0x00000000fd980000, 0x0000000100000000)
  eden space 102400K, 0% used [0x00000000f5e00000,0x00000000f5e00000,0x00000000fc200000)
  from space 8704K, 99% used [0x00000000fcc80000,0x00000000fd4fef00,0x00000000fd500000)
  to   space 10752K, 0% used [0x00000000fc200000,0x00000000fc200000,0x00000000fcc80000)
 ParOldGen       total 38912K, used 20361K [0x00000000e1a00000, 0x00000000e4000000, 0x00000000f5e00000)
  object space 38912K, 52% used [0x00000000e1a00000,0x00000000e2de25c0,0x00000000e4000000)
 Metaspace       used 42753K, capacity 44490K, committed 44840K, reserved 1087488K
  class space    used 5509K, capacity 5852K, committed 5928K, reserved 1048576K
}
Event: 93.868 GC heap before
{Heap before GC invocations=19 (full 2):
 PSYoungGen      total 111104K, used 111099K [0x00000000f5e00000, 0x00000000fd980000, 0x0000000100000000)
  eden space 102400K, 100% used [0x00000000f5e00000,0x00000000fc200000,0x00000000fc200000)
  from space 8704K, 99% used [0x00000000fcc80000,0x00000000fd4fef00,0x00000000fd500000)
  to   space 10752K, 0% used [0x00000000fc200000,0x00000000fc200000,0x00000000fcc80000)
 ParOldGen       total 38912K, used 20361K [0x00000000e1a00000, 0x00000000e4000000, 0x00000000f5e00000)
  object space 38912K, 52% used [0x00000000e1a00000,0x00000000e2de25c0,0x00000000e4000000)
 Metaspace       used 54124K, capacity 56000K, committed 56360K, reserved 1097728K
  class space    used 7255K, capacity 7609K, committed 7720K, reserved 1048576K
Event: 93.926 GC heap after
Heap after GC invocations=19 (full 2):
 PSYoungGen      total 113152K, used 10731K [0x00000000f5e00000, 0x00000000ff480000, 0x0000000100000000)
  eden space 102400K, 0% used [0x00000000f5e00000,0x00000000f5e00000,0x00000000fc200000)
  from space 10752K, 99% used [0x00000000fc200000,0x00000000fcc7ac80,0x00000000fcc80000)
  to   space 14848K, 0% used [0x00000000fe600000,0x00000000fe600000,0x00000000ff480000)
 ParOldGen       total 38912K, used 27085K [0x00000000e1a00000, 0x00000000e4000000, 0x00000000f5e00000)
  object space 38912K, 69% used [0x00000000e1a00000,0x00000000e34735b0,0x00000000e4000000)
 Metaspace       used 54124K, capacity 56000K, committed 56360K, reserved 1097728K
  class space    used 7255K, capacity 7609K, committed 7720K, reserved 1048576K
}
Event: 99.404 GC heap before
{Heap before GC invocations=20 (full 2):
 PSYoungGen      total 113152K, used 32520K [0x00000000f5e00000, 0x00000000ff480000, 0x0000000100000000)
  eden space 102400K, 21% used [0x00000000f5e00000,0x00000000f7347420,0x00000000fc200000)
  from space 10752K, 99% used [0x00000000fc200000,0x00000000fcc7ac80,0x00000000fcc80000)
  to   space 14848K, 0% used [0x00000000fe600000,0x00000000fe600000,0x00000000ff480000)
 ParOldGen       total 38912K, used 27085K [0x00000000e1a00000, 0x00000000e4000000, 0x00000000f5e00000)
  object space 38912K, 69% used [0x00000000e1a00000,0x00000000e34735b0,0x00000000e4000000)
 Metaspace       used 56876K, capacity 59102K, committed 59160K, reserved 1099776K
  class space    used 7646K, capacity 8064K, committed 8104K, reserved 1048576K
Event: 99.421 GC heap after
Heap after GC invocations=20 (full 2):
 PSYoungGen      total 135168K, used 2855K [0x00000000f5e00000, 0x00000000ff200000, 0x0000000100000000)
  eden space 122880K, 0% used [0x00000000f5e00000,0x00000000f5e00000,0x00000000fd600000)
  from space 12288K, 23% used [0x00000000fe600000,0x00000000fe8c9fb0,0x00000000ff200000)
  to   space 14336K, 0% used [0x00000000fd600000,0x00000000fd600000,0x00000000fe400000)
 ParOldGen       total 38912K, used 30527K [0x00000000e1a00000, 0x00000000e4000000, 0x00000000f5e00000)
  object space 38912K, 78% used [0x00000000e1a00000,0x00000000e37cfd48,0x00000000e4000000)
 Metaspace       used 56876K, capacity 59102K, committed 59160K, reserved 1099776K
  class space    used 7646K, capacity 8064K, committed 8104K, reserved 1048576K
}
Event: 99.421 GC heap before
{Heap before GC invocations=21 (full 3):
 PSYoungGen      total 135168K, used 2855K [0x00000000f5e00000, 0x00000000ff200000, 0x0000000100000000)
  eden space 122880K, 0% used [0x00000000f5e00000,0x00000000f5e00000,0x00000000fd600000)
  from space 12288K, 23% used [0x00000000fe600000,0x00000000fe8c9fb0,0x00000000ff200000)
  to   space 14336K, 0% used [0x00000000fd600000,0x00000000fd600000,0x00000000fe400000)
 ParOldGen       total 38912K, used 30527K [0x00000000e1a00000, 0x00000000e4000000, 0x00000000f5e00000)
  object space 38912K, 78% used [0x00000000e1a00000,0x00000000e37cfd48,0x00000000e4000000)
 Metaspace       used 56876K, capacity 59102K, committed 59160K, reserved 1099776K
  class space    used 7646K, capacity 8064K, committed 8104K, reserved 1048576K
Event: 99.831 GC heap after
Heap after GC invocations=21 (full 3):
 PSYoungGen      total 135168K, used 0K [0x00000000f5e00000, 0x00000000ff200000, 0x0000000100000000)
  eden space 122880K, 0% used [0x00000000f5e00000,0x00000000f5e00000,0x00000000fd600000)
  from space 12288K, 0% used [0x00000000fe600000,0x00000000fe600000,0x00000000ff200000)
  to   space 14336K, 0% used [0x00000000fd600000,0x00000000fd600000,0x00000000fe400000)
 ParOldGen       total 56832K, used 28534K [0x00000000e1a00000, 0x00000000e5180000, 0x00000000f5e00000)
  object space 56832K, 50% used [0x00000000e1a00000,0x00000000e35ddad8,0x00000000e5180000)
 Metaspace       used 56876K, capacity 59102K, committed 59160K, reserved 1099776K
  class space    used 7646K, capacity 8064K, committed 8104K, reserved 1048576K
}

