# JRE version: Java(TM) SE Runtime Environment (8.0_91-b15) (build 1.8.0_91-b15)
# Java VM: Java HotSpot(TM) 64-Bit Server VM (25.91-b15 mixed mode windows-amd64 compressed oops)
Heap:
 PSYoungGen      total 83968K, used 24108K [0x00000000f5e00000, 0x00000000fc300000, 0x0000000100000000)
  eden space 72704K, 17% used [0x00000000f5e00000,0x00000000f6a92e58,0x00000000fa500000)
  from space 11264K, 99% used [0x00000000fb200000,0x00000000fbcf8438,0x00000000fbd00000)
  to   space 13312K, 0% used [0x00000000fa500000,0x00000000fa500000,0x00000000fb200000)
 ParOldGen       total 51712K, used 27128K [0x00000000e1a00000, 0x00000000e4c80000, 0x00000000f5e00000)
  object space 51712K, 52% used [0x00000000e1a00000,0x00000000e347e170,0x00000000e4c80000)
 Metaspace       used 61304K, capacity 64154K, committed 64384K, reserved 1105920K
  class space    used 8242K, capacity 8728K, committed 8832K, reserved 1048576K
GC Heap History (10 events):
Event: 52.853 GC heap before
{Heap before GC invocations=33 (full 2):
 PSYoungGen      total 71168K, used 11020K [0x00000000f5e00000, 0x00000000fae80000, 0x0000000100000000)
  eden space 60928K, 8% used [0x00000000f5e00000,0x00000000f62ef930,0x00000000f9980000)
  from space 10240K, 58% used [0x00000000fa480000,0x00000000faa537b8,0x00000000fae80000)
  to   space 10752K, 0% used [0x00000000f9980000,0x00000000f9980000,0x00000000fa400000)
 ParOldGen       total 35840K, used 26062K [0x00000000e1a00000, 0x00000000e3d00000, 0x00000000f5e00000)
  object space 35840K, 72% used [0x00000000e1a00000,0x00000000e3373818,0x00000000e3d00000)
 Metaspace       used 54545K, capacity 56396K, committed 56536K, reserved 1097728K
  class space    used 7312K, capacity 7677K, committed 7680K, reserved 1048576K
Event: 52.867 GC heap after
Heap after GC invocations=33 (full 2):
 PSYoungGen      total 71680K, used 2689K [0x00000000f5e00000, 0x00000000fb600000, 0x0000000100000000)
  eden space 60928K, 0% used [0x00000000f5e00000,0x00000000f5e00000,0x00000000f9980000)
  from space 10752K, 25% used [0x00000000f9980000,0x00000000f9c206f0,0x00000000fa400000)
  to   space 10240K, 0% used [0x00000000fac00000,0x00000000fac00000,0x00000000fb600000)
 ParOldGen       total 35840K, used 26070K [0x00000000e1a00000, 0x00000000e3d00000, 0x00000000f5e00000)
  object space 35840K, 72% used [0x00000000e1a00000,0x00000000e3375818,0x00000000e3d00000)
 Metaspace       used 54545K, capacity 56396K, committed 56536K, reserved 1097728K
  class space    used 7312K, capacity 7677K, committed 7680K, reserved 1048576K
}
Event: 52.867 GC heap before
{Heap before GC invocations=34 (full 3):
 PSYoungGen      total 71680K, used 2689K [0x00000000f5e00000, 0x00000000fb600000, 0x0000000100000000)
  eden space 60928K, 0% used [0x00000000f5e00000,0x00000000f5e00000,0x00000000f9980000)
  from space 10752K, 25% used [0x00000000f9980000,0x00000000f9c206f0,0x00000000fa400000)
  to   space 10240K, 0% used [0x00000000fac00000,0x00000000fac00000,0x00000000fb600000)
 ParOldGen       total 35840K, used 26070K [0x00000000e1a00000, 0x00000000e3d00000, 0x00000000f5e00000)
  object space 35840K, 72% used [0x00000000e1a00000,0x00000000e3375818,0x00000000e3d00000)
 Metaspace       used 54545K, capacity 56396K, committed 56536K, reserved 1097728K
  class space    used 7312K, capacity 7677K, committed 7680K, reserved 1048576K
Event: 53.255 GC heap after
Heap after GC invocations=34 (full 3):
 PSYoungGen      total 71680K, used 0K [0x00000000f5e00000, 0x00000000fb600000, 0x0000000100000000)
  eden space 60928K, 0% used [0x00000000f5e00000,0x00000000f5e00000,0x00000000f9980000)
  from space 10752K, 0% used [0x00000000f9980000,0x00000000f9980000,0x00000000fa400000)
  to   space 10240K, 0% used [0x00000000fac00000,0x00000000fac00000,0x00000000fb600000)
 ParOldGen       total 51712K, used 26536K [0x00000000e1a00000, 0x00000000e4c80000, 0x00000000f5e00000)
  object space 51712K, 51% used [0x00000000e1a00000,0x00000000e33ea208,0x00000000e4c80000)
 Metaspace       used 54545K, capacity 56396K, committed 56536K, reserved 1097728K
  class space    used 7312K, capacity 7677K, committed 7680K, reserved 1048576K
}
Event: 61.775 GC heap before
{Heap before GC invocations=35 (full 3):
 PSYoungGen      total 71680K, used 60928K [0x00000000f5e00000, 0x00000000fb600000, 0x0000000100000000)
  eden space 60928K, 100% used [0x00000000f5e00000,0x00000000f9980000,0x00000000f9980000)
  from space 10752K, 0% used [0x00000000f9980000,0x00000000f9980000,0x00000000fa400000)
  to   space 10240K, 0% used [0x00000000fac00000,0x00000000fac00000,0x00000000fb600000)
 ParOldGen       total 51712K, used 26536K [0x00000000e1a00000, 0x00000000e4c80000, 0x00000000f5e00000)
  object space 51712K, 51% used [0x00000000e1a00000,0x00000000e33ea208,0x00000000e4c80000)
 Metaspace       used 58187K, capacity 60616K, committed 60800K, reserved 1101824K
  class space    used 7817K, capacity 8247K, committed 8320K, reserved 1048576K
Event: 61.801 GC heap after
Heap after GC invocations=35 (full 3):
 PSYoungGen      total 75776K, used 5888K [0x00000000f5e00000, 0x00000000fb400000, 0x0000000100000000)
  eden space 67584K, 0% used [0x00000000f5e00000,0x00000000f5e00000,0x00000000fa000000)
  from space 8192K, 71% used [0x00000000fac00000,0x00000000fb1c03d8,0x00000000fb400000)
  to   space 10240K, 0% used [0x00000000fa000000,0x00000000fa000000,0x00000000faa00000)
 ParOldGen       total 51712K, used 26544K [0x00000000e1a00000, 0x00000000e4c80000, 0x00000000f5e00000)
  object space 51712K, 51% used [0x00000000e1a00000,0x00000000e33ec208,0x00000000e4c80000)
 Metaspace       used 58187K, capacity 60616K, committed 60800K, reserved 1101824K
  class space    used 7817K, capacity 8247K, committed 8320K, reserved 1048576K
}
Event: 63.517 GC heap before
{Heap before GC invocations=36 (full 3):
 PSYoungGen      total 75776K, used 73472K [0x00000000f5e00000, 0x00000000fb400000, 0x0000000100000000)
  eden space 67584K, 100% used [0x00000000f5e00000,0x00000000fa000000,0x00000000fa000000)
  from space 8192K, 71% used [0x00000000fac00000,0x00000000fb1c03d8,0x00000000fb400000)
  to   space 10240K, 0% used [0x00000000fa000000,0x00000000fa000000,0x00000000faa00000)
 ParOldGen       total 51712K, used 26544K [0x00000000e1a00000, 0x00000000e4c80000, 0x00000000f5e00000)
  object space 51712K, 51% used [0x00000000e1a00000,0x00000000e33ec208,0x00000000e4c80000)
 Metaspace       used 59577K, capacity 62142K, committed 62336K, reserved 1103872K
  class space    used 8017K, capacity 8462K, committed 8576K, reserved 1048576K
Event: 63.543 GC heap after
Heap after GC invocations=36 (full 3):
 PSYoungGen      total 77824K, used 8607K [0x00000000f5e00000, 0x00000000fbd00000, 0x0000000100000000)
  eden space 67584K, 0% used [0x00000000f5e00000,0x00000000f5e00000,0x00000000fa000000)
  from space 10240K, 84% used [0x00000000fa000000,0x00000000fa867e50,0x00000000faa00000)
  to   space 11264K, 0% used [0x00000000fb200000,0x00000000fb200000,0x00000000fbd00000)
 ParOldGen       total 51712K, used 26552K [0x00000000e1a00000, 0x00000000e4c80000, 0x00000000f5e00000)
  object space 51712K, 51% used [0x00000000e1a00000,0x00000000e33ee208,0x00000000e4c80000)
 Metaspace       used 59577K, capacity 62142K, committed 62336K, reserved 1103872K
  class space    used 8017K, capacity 8462K, committed 8576K, reserved 1048576K
}
Event: 65.611 GC heap before
{Heap before GC invocations=37 (full 3):
 PSYoungGen      total 77824K, used 76191K [0x00000000f5e00000, 0x00000000fbd00000, 0x0000000100000000)
  eden space 67584K, 100% used [0x00000000f5e00000,0x00000000fa000000,0x00000000fa000000)
  from space 10240K, 84% used [0x00000000fa000000,0x00000000fa867e50,0x00000000faa00000)
  to   space 11264K, 0% used [0x00000000fb200000,0x00000000fb200000,0x00000000fbd00000)
 ParOldGen       total 51712K, used 26552K [0x00000000e1a00000, 0x00000000e4c80000, 0x00000000f5e00000)
  object space 51712K, 51% used [0x00000000e1a00000,0x00000000e33ee208,0x00000000e4c80000)
 Metaspace       used 61071K, capacity 63868K, committed 64000K, reserved 1103872K
  class space    used 8213K, capacity 8683K, committed 8704K, reserved 1048576K
Event: 65.665 GC heap after
Heap after GC invocations=37 (full 3):
 PSYoungGen      total 83968K, used 11233K [0x00000000f5e00000, 0x00000000fc300000, 0x0000000100000000)
  eden space 72704K, 0% used [0x00000000f5e00000,0x00000000f5e00000,0x00000000fa500000)
  from space 11264K, 99% used [0x00000000fb200000,0x00000000fbcf8438,0x00000000fbd00000)
  to   space 13312K, 0% used [0x00000000fa500000,0x00000000fa500000,0x00000000fb200000)
 ParOldGen       total 51712K, used 27128K [0x00000000e1a00000, 0x00000000e4c80000, 0x00000000f5e00000)
  object space 51712K, 52% used [0x00000000e1a00000,0x00000000e347e170,0x00000000e4c80000)
 Metaspace       used 61071K, capacity 63868K, committed 64000K, reserved 1103872K
  class space    used 8213K, capacity 8683K, committed 8704K, reserved 1048576K
}

